Requirement already satisfied: mypy in ./venv/lib/python3.9/site-packages (1.19.1)
Requirement already satisfied: pre-commit in ./venv/lib/python3.9/site-packages (4.3.0)
Requirement already satisfied: mkdocs in ./venv/lib/python3.9/site-packages (1.6.1)
Requirement already satisfied: mkdocs-material in ./venv/lib/python3.9/site-packages (9.7.6)
Requirement already satisfied: mkdocstrings[python] in ./venv/lib/python3.9/site-packages (0.30.1)
Requirement already satisfied: typing_extensions>=4.6.0 in ./venv/lib/python3.9/site-packages (from mypy) (4.15.0)
Requirement already satisfied: mypy_extensions>=1.0.0 in ./venv/lib/python3.9/site-packages (from mypy) (1.1.0)
Requirement already satisfied: pathspec>=0.9.0 in ./venv/lib/python3.9/site-packages (from mypy) (1.1.1)
Requirement already satisfied: tomli>=1.1.0 in ./venv/lib/python3.9/site-packages (from mypy) (2.4.1)
Requirement already satisfied: librt>=0.6.2 in ./venv/lib/python3.9/site-packages (from mypy) (0.11.0)
Requirement already satisfied: cfgv>=2.0.0 in ./venv/lib/python3.9/site-packages (from pre-commit) (3.4.0)
Requirement already satisfied: identify>=1.0.0 in ./venv/lib/python3.9/site-packages (from pre-commit) (2.6.15)
Requirement already satisfied: nodeenv>=0.11.1 in ./venv/lib/python3.9/site-packages (from pre-commit) (1.10.0)
Requirement already satisfied: pyyaml>=5.1 in ./venv/lib/python3.9/site-packages (from pre-commit) (6.0.3)
Requirement already satisfied: virtualenv>=20.10.0 in ./venv/lib/python3.9/site-packages (from pre-commit) (21.4.0)
Requirement already satisfied: Jinja2>=2.11.1 in ./venv/lib/python3.9/site-packages (from mkdocstrings[python]) (3.1.6)
Requirement already satisfied: Markdown>=3.6 in ./venv/lib/python3.9/site-packages (from mkdocstrings[python]) (3.9)
Requirement already satisfied: MarkupSafe>=1.1 in ./venv/lib/python3.9/site-packages (from mkdocstrings[python]) (3.0.3)
Requirement already satisfied: mkdocs-autorefs>=1.4 in ./venv/lib/python3.9/site-packages (from mkdocstrings[python]) (1.4.4)
Requirement already satisfied: pymdown-extensions>=6.3 in ./venv/lib/python3.9/site-packages (from mkdocstrings[python]) (10.21.3)
Requirement already satisfied: importlib-metadata>=4.6 in ./venv/lib/python3.9/site-packages (from mkdocstrings[python]) (8.7.1)
Requirement already satisfied: mkdocstrings-python>=1.16.2 in ./venv/lib/python3.9/site-packages (from mkdocstrings[python]) (1.18.2)
Requirement already satisfied: click>=7.0 in ./venv/lib/python3.9/site-packages (from mkdocs) (8.1.8)
Requirement already satisfied: ghp-import>=1.0 in ./venv/lib/python3.9/site-packages (from mkdocs) (2.1.0)
Requirement already satisfied: mergedeep>=1.3.4 in ./venv/lib/python3.9/site-packages (from mkdocs) (1.3.4)
Requirement already satisfied: mkdocs-get-deps>=0.2.0 in ./venv/lib/python3.9/site-packages (from mkdocs) (0.2.2)
Requirement already satisfied: packaging>=20.5 in ./venv/lib/python3.9/site-packages (from mkdocs) (26.2)
Requirement already satisfied: pyyaml-env-tag>=0.1 in ./venv/lib/python3.9/site-packages (from mkdocs) (1.1)
Requirement already satisfied: watchdog>=2.0 in ./venv/lib/python3.9/site-packages (from mkdocs) (6.0.0)
Requirement already satisfied: babel>=2.10 in ./venv/lib/python3.9/site-packages (from mkdocs-material) (2.18.0)
Requirement already satisfied: backrefs>=5.7.post1 in ./venv/lib/python3.9/site-packages (from mkdocs-material) (6.2)
Requirement already satisfied: colorama>=0.4 in ./venv/lib/python3.9/site-packages (from mkdocs-material) (0.4.6)
Requirement already satisfied: mkdocs-material-extensions>=1.3 in ./venv/lib/python3.9/site-packages (from mkdocs-material) (1.3.1)
Requirement already satisfied: paginate>=0.5 in ./venv/lib/python3.9/site-packages (from mkdocs-material) (0.5.7)
Requirement already satisfied: pygments>=2.16 in ./venv/lib/python3.9/site-packages (from mkdocs-material) (2.20.0)
Requirement already satisfied: requests>=2.30 in ./venv/lib/python3.9/site-packages (from mkdocs-material) (2.32.5)
Requirement already satisfied: python-dateutil>=2.8.1 in ./venv/lib/python3.9/site-packages (from ghp-import>=1.0->mkdocs) (2.9.0.post0)
Requirement already satisfied: zipp>=3.20 in ./venv/lib/python3.9/site-packages (from importlib-metadata>=4.6->mkdocstrings[python]) (3.23.1)
Requirement already satisfied: platformdirs>=2.2.0 in ./venv/lib/python3.9/site-packages (from mkdocs-get-deps>=0.2.0->mkdocs) (4.4.0)
Requirement already satisfied: griffe>=1.13 in ./venv/lib/python3.9/site-packages (from mkdocstrings-python>=1.16.2->mkdocstrings[python]) (1.14.0)
Requirement already satisfied: six>=1.5 in ./venv/lib/python3.9/site-packages (from python-dateutil>=2.8.1->ghp-import>=1.0->mkdocs) (1.17.0)
Requirement already satisfied: charset_normalizer<4,>=2 in ./venv/lib/python3.9/site-packages (from requests>=2.30->mkdocs-material) (3.4.7)
Requirement already satisfied: idna<4,>=2.5 in ./venv/lib/python3.9/site-packages (from requests>=2.30->mkdocs-material) (3.16)
Requirement already satisfied: urllib3<3,>=1.21.1 in ./venv/lib/python3.9/site-packages (from requests>=2.30->mkdocs-material) (2.6.3)
Requirement already satisfied: certifi>=2017.4.17 in ./venv/lib/python3.9/site-packages (from requests>=2.30->mkdocs-material) (2026.5.20)
Requirement already satisfied: distlib<1,>=0.3.7 in ./venv/lib/python3.9/site-packages (from virtualenv>=20.10.0->pre-commit) (0.4.0)
Requirement already satisfied: filelock<=3.19.1,>=3.16.1 in ./venv/lib/python3.9/site-packages (from virtualenv>=20.10.0->pre-commit) (3.19.1)
Requirement already satisfied: python-discovery>=1.4 in ./venv/lib/python3.9/site-packages (from virtualenv>=20.10.0->pre-commit) (1.4.0)
Success: no issues found in 8 source files
pre-commit installed at .git/hooks/pre-commit
trim trailing whitespace.................................................Passed
fix end of files.........................................................Passed
check yaml...............................................................Passed
check for added large files..............................................Passed
black....................................................................Passed
isort....................................................................Passed
flake8...................................................................Failed
- hook id: flake8
- exit code: 1

lumix/area/parser.py:19:89: E501 line too long (95 > 88 characters)
lumix/area/parser.py:30:89: E501 line too long (101 > 88 characters)
lumix/area/parser.py:31:89: E501 line too long (95 > 88 characters)
lumix/area/parser.py:41:89: E501 line too long (109 > 88 characters)
lumix/area/parser.py:42:89: E501 line too long (100 > 88 characters)
lumix/area/parser.py:52:89: E501 line too long (101 > 88 characters)
lumix/area/parser.py:63:89: E501 line too long (96 > 88 characters)
lumix/bases/parser.py:18:89: E501 line too long (90 > 88 characters)
lumix/bitrate/parser.py:34:89: E501 line too long (96 > 88 characters)
lumix/bitrate/parser.py:44:89: E501 line too long (89 > 88 characters)
lumix/bitrate/parser.py:45:89: E501 line too long (101 > 88 characters)
lumix/bitrate/parser.py:56:89: E501 line too long (89 > 88 characters)
lumix/calendar/parser.py:21:89: E501 line too long (91 > 88 characters)
lumix/calendar/parser.py:31:89: E501 line too long (94 > 88 characters)
lumix/calendar/parser.py:41:89: E501 line too long (92 > 88 characters)
lumix/calendar/parser.py:51:89: E501 line too long (91 > 88 characters)
lumix/cli/main.py:3:89: E501 line too long (91 > 88 characters)
lumix/cli/main.py:5:89: E501 line too long (89 > 88 characters)
lumix/color/convert.py:13:25: E203 whitespace before ':'
lumix/color/parser.py:19:89: E501 line too long (100 > 88 characters)
lumix/color/parser.py:32:89: E501 line too long (96 > 88 characters)
lumix/color/parser.py:33:89: E501 line too long (91 > 88 characters)
lumix/color/parser.py:45:89: E501 line too long (98 > 88 characters)
lumix/color/parser.py:46:89: E501 line too long (93 > 88 characters)
lumix/color/parser.py:58:89: E501 line too long (95 > 88 characters)
lumix/color/parser.py:71:89: E501 line too long (89 > 88 characters)
lumix/country/parser.py:20:89: E501 line too long (89 > 88 characters)
lumix/country/parser.py:31:89: E501 line too long (91 > 88 characters)
lumix/country/parser.py:53:89: E501 line too long (93 > 88 characters)
lumix/currency/api.py:3:1: F401 'urllib.error.HTTPError' imported but unused
lumix/currency/api.py:3:1: F401 'urllib.error.URLError' imported but unused
lumix/currency/api.py:33:89: E501 line too long (90 > 88 characters)
lumix/currency/parser.py:2:1: F401 're' imported but unused
lumix/currency/parser.py:28:89: E501 line too long (96 > 88 characters)
lumix/currency/utils.py:18:89: E501 line too long (94 > 88 characters)
lumix/data/parser.py:34:89: E501 line too long (97 > 88 characters)
lumix/data/parser.py:45:89: E501 line too long (102 > 88 characters)
lumix/data/parser.py:56:89: E501 line too long (90 > 88 characters)
lumix/date/convert.py:3:89: E501 line too long (93 > 88 characters)
lumix/energy/parser.py:32:89: E501 line too long (96 > 88 characters)
lumix/energy/parser.py:42:89: E501 line too long (91 > 88 characters)
lumix/energy/parser.py:43:89: E501 line too long (101 > 88 characters)
lumix/energy/parser.py:54:89: E501 line too long (89 > 88 characters)
lumix/hash/parser.py:17:89: E501 line too long (99 > 88 characters)
lumix/hash/parser.py:24:89: E501 line too long (102 > 88 characters)
lumix/hash/parser.py:31:89: E501 line too long (113 > 88 characters)
lumix/hash/parser.py:38:89: E501 line too long (100 > 88 characters)
lumix/hash/parser.py:45:89: E501 line too long (96 > 88 characters)
lumix/iptools/convert.py:6:89: E501 line too long (97 > 88 characters)
lumix/iptools/convert.py:20:30: E203 whitespace before ':'
lumix/iptools/parser.py:34:89: E501 line too long (117 > 88 characters)
lumix/iptools/parser.py:55:89: E501 line too long (123 > 88 characters)
lumix/iptools/parser.py:76:89: E501 line too long (122 > 88 characters)
lumix/iptools/parser.py:97:89: E501 line too long (123 > 88 characters)
lumix/iptools/parser.py:118:89: E501 line too long (103 > 88 characters)
lumix/language/convert.py:91:89: E501 line too long (95 > 88 characters)
lumix/language/parser.py:19:89: E501 line too long (90 > 88 characters)
lumix/language/parser.py:28:89: E501 line too long (92 > 88 characters)
lumix/language/parser.py:46:89: E501 line too long (95 > 88 characters)
lumix/length/parser.py:32:89: E501 line too long (95 > 88 characters)
lumix/length/parser.py:42:89: E501 line too long (96 > 88 characters)
lumix/length/parser.py:43:89: E501 line too long (100 > 88 characters)
lumix/passwords/parser.py:17:89: E501 line too long (92 > 88 characters)
lumix/passwords/parser.py:28:89: E501 line too long (94 > 88 characters)
lumix/passwords/parser.py:39:89: E501 line too long (98 > 88 characters)
lumix/passwords/parser.py:50:89: E501 line too long (98 > 88 characters)
lumix/power/parser.py:32:89: E501 line too long (97 > 88 characters)
lumix/power/parser.py:43:89: E501 line too long (102 > 88 characters)
lumix/power/parser.py:54:89: E501 line too long (90 > 88 characters)
lumix/pressure/parser.py:32:89: E501 line too long (94 > 88 characters)
lumix/pressure/parser.py:43:89: E501 line too long (99 > 88 characters)
lumix/speed/parser.py:32:89: E501 line too long (96 > 88 characters)
lumix/speed/parser.py:43:89: E501 line too long (101 > 88 characters)
lumix/speed/parser.py:54:89: E501 line too long (89 > 88 characters)
lumix/temps/__init__.py:1:1: F401 '.convert.convert' imported but unused
lumix/temps/convert.py:5:89: E501 line too long (95 > 88 characters)
lumix/temps/convert.py:20:89: E501 line too long (94 > 88 characters)
lumix/temps/parser.py:5:89: E501 line too long (114 > 88 characters)
lumix/temps/parser.py:90:89: E501 line too long (97 > 88 characters)
lumix/temps/parser.py:124:89: E501 line too long (100 > 88 characters)
lumix/time/parser.py:32:89: E501 line too long (94 > 88 characters)
lumix/time/parser.py:43:89: E501 line too long (99 > 88 characters)
lumix/timezones/parser.py:20:89: E501 line too long (100 > 88 characters)
lumix/timezones/parser.py:42:89: E501 line too long (93 > 88 characters)
lumix/unitsymbols/convert.py:114:89: E501 line too long (90 > 88 characters)
lumix/unitsymbols/convert.py:120:89: E501 line too long (90 > 88 characters)
lumix/unitsymbols/parser.py:22:89: E501 line too long (105 > 88 characters)
lumix/unitsymbols/parser.py:36:89: E501 line too long (107 > 88 characters)
lumix/unitsymbols/parser.py:38:89: E501 line too long (98 > 88 characters)
lumix/unitsymbols/parser.py:50:89: E501 line too long (100 > 88 characters)
lumix/unitsymbols/parser.py:52:89: E501 line too long (95 > 88 characters)
lumix/unitsymbols/parser.py:64:89: E501 line too long (109 > 88 characters)
lumix/unitsymbols/parser.py:66:89: E501 line too long (95 > 88 characters)
lumix/volume/__init__.py:2:89: E501 line too long (89 > 88 characters)
lumix/volume/parser.py:20:89: E501 line too long (90 > 88 characters)
lumix/volume/parser.py:31:89: E501 line too long (96 > 88 characters)
lumix/volume/parser.py:32:89: E501 line too long (94 > 88 characters)
lumix/volume/parser.py:42:89: E501 line too long (104 > 88 characters)
lumix/volume/parser.py:43:89: E501 line too long (99 > 88 characters)
lumix/volume/parser.py:53:89: E501 line too long (96 > 88 characters)
lumix/volume/parser.py:64:89: E501 line too long (91 > 88 characters)
lumix/weight/parser.py:32:89: E501 line too long (95 > 88 characters)
lumix/weight/parser.py:43:89: E501 line too long (100 > 88 characters)
tests/test_cli_integration.py:4:1: F401 'pytest' imported but unused
tests/test_currency.py:6:89: E501 line too long (95 > 88 characters)


[31m │  ⚠  Warning from the Material for MkDocs team[0m
[31m │[0m
[31m │[0m  MkDocs 2.0, the underlying framework of Material for MkDocs,
[31m │[0m  will introduce backward-incompatible changes, including:
[31m │[0m
[31m │  × [0mAll plugins will stop working – the plugin system has been removed
[31m │  × [0mAll theme overrides will break – the theming system has been rewritten
[31m │  × [0mNo migration path exists – existing projects cannot be upgraded
[31m │  × [0mClosed contribution model – community members can't report bugs
[31m │  × [0mCurrently unlicensed – unsuitable for production use
[31m │[0m
[31m │[0m  Our full analysis:
[31m │[0m
[31m │[0m  [4mhttps://squidfunk.github.io/mkdocs-material/blog/2026/02/18/mkdocs-2.0/[0m
[0m
INFO    -  Cleaning site directory
INFO    -  Building documentation to directory: /Users/davideferigato/Documents/GitHub/Lumix/site
INFO    -  The following pages exist in the docs directory, but are not included in the "nav" configuration:
  - architecture.md
  - modules.md
  - usage.md
WARNING -  A reference to 'docs/architecture.md' is included in the 'nav' configuration, which is not found in the documentation files.
WARNING -  A reference to 'docs/usage.md' is included in the 'nav' configuration, which is not found in the documentation files.
WARNING -  A reference to 'docs/modules.md' is included in the 'nav' configuration, which is not found in the documentation files.
WARNING -  A reference to 'docs/extension.md' is included in the 'nav' configuration, which is not found in the documentation files.
INFO    -  Doc file 'index.md' contains a link '#-features', but there is no such anchor on this page.
INFO    -  Doc file 'index.md' contains a link '#-why-lumix-instead-of-units-or-qalc', but there is no such anchor on this page.
INFO    -  Doc file 'index.md' contains a link '#-architecture-overview', but there is no such anchor on this page.
INFO    -  Doc file 'index.md' contains a link '#-installation', but there is no such anchor on this page.
INFO    -  Doc file 'index.md' contains a link '#-basic-usage', but there is no such anchor on this page.
INFO    -  Doc file 'index.md' contains a link '#-complete-converter-reference-30-categories', but there is no such anchor on this page.
INFO    -  Doc file 'index.md' contains a link '#-shell-autocompletion', but there is no such anchor on this page.
INFO    -  Doc file 'index.md' contains a link '#-docker', but there is no such anchor on this page.
INFO    -  Doc file 'index.md' contains a link '#-testing', but there is no such anchor on this page.
INFO    -  Doc file 'index.md' contains a link '#-contributing', but there is no such anchor on this page.
INFO    -  Doc file 'index.md' contains a link '#-license', but there is no such anchor on this page.
INFO    -  Doc file 'index.md' contains a link '#-acknowledgements', but there is no such anchor on this page.
INFO    -  Documentation built in 0.47 seconds

[31m │  ⚠  Warning from the Material for MkDocs team[0m
[31m │[0m
[31m │[0m  MkDocs 2.0, the underlying framework of Material for MkDocs,
[31m │[0m  will introduce backward-incompatible changes, including:
[31m │[0m
[31m │  × [0mAll plugins will stop working – the plugin system has been removed
[31m │  × [0mAll theme overrides will break – the theming system has been rewritten
[31m │  × [0mNo migration path exists – existing projects cannot be upgraded
[31m │  × [0mClosed contribution model – community members can't report bugs
[31m │  × [0mCurrently unlicensed – unsuitable for production use
[31m │[0m
[31m │[0m  Our full analysis:
[31m │[0m
[31m │[0m  [4mhttps://squidfunk.github.io/mkdocs-material/blog/2026/02/18/mkdocs-2.0/[0m
[0m
INFO    -  Cleaning site directory
INFO    -  Building documentation to directory: /Users/davideferigato/Documents/GitHub/Lumix/site
INFO    -  The following pages exist in the docs directory, but are not included in the "nav" configuration:
  - architecture.md
  - modules.md
  - usage.md
WARNING -  A reference to 'docs/architecture.md' is included in the 'nav' configuration, which is not found in the documentation files.
WARNING -  A reference to 'docs/usage.md' is included in the 'nav' configuration, which is not found in the documentation files.
WARNING -  A reference to 'docs/modules.md' is included in the 'nav' configuration, which is not found in the documentation files.
WARNING -  A reference to 'docs/extension.md' is included in the 'nav' configuration, which is not found in the documentation files.
INFO    -  Doc file 'index.md' contains a link '#-features', but there is no such anchor on this page.
INFO    -  Doc file 'index.md' contains a link '#-why-lumix-instead-of-units-or-qalc', but there is no such anchor on this page.
INFO    -  Doc file 'index.md' contains a link '#-architecture-overview', but there is no such anchor on this page.
INFO    -  Doc file 'index.md' contains a link '#-installation', but there is no such anchor on this page.
INFO    -  Doc file 'index.md' contains a link '#-basic-usage', but there is no such anchor on this page.
INFO    -  Doc file 'index.md' contains a link '#-complete-converter-reference-30-categories', but there is no such anchor on this page.
INFO    -  Doc file 'index.md' contains a link '#-shell-autocompletion', but there is no such anchor on this page.
INFO    -  Doc file 'index.md' contains a link '#-docker', but there is no such anchor on this page.
INFO    -  Doc file 'index.md' contains a link '#-testing', but there is no such anchor on this page.
INFO    -  Doc file 'index.md' contains a link '#-contributing', but there is no such anchor on this page.
INFO    -  Doc file 'index.md' contains a link '#-license', but there is no such anchor on this page.
INFO    -  Doc file 'index.md' contains a link '#-acknowledgements', but there is no such anchor on this page.
INFO    -  Documentation built in 0.41 seconds
INFO    -  Copying '/Users/davideferigato/Documents/GitHub/Lumix/site' to 'gh-pages' branch and pushing to GitHub.
To https://github.com/davideFerigato/Lumix.git
   e002645..88646b2  gh-pages -> gh-pages
INFO    -  Your documentation should shortly be available at: https://davideFerigato.github.io/Lumix/
